{"level":"info","message":"Navigating to: https://demo.spreecommerce.org/account/register"}
{"level":"info","message":"Navigating to: https://demo.spreecommerce.org/account/register"}
{"level":"info","message":"Navigating to: https://demo.spreecommerce.org/us/en/account/register"}
{"level":"info","message":"Typing into First Name: \"Arushi\""}
{"level":"info","message":"Typing into Last Name: \"Test\""}
{"level":"info","message":"Typing into Email: \"sdet.test@example.com\""}
{"level":"info","message":"Typing into password: \"example\""}
{"level":"info","message":"Typing into confirmed password: \"example\""}
{"level":"info","message":"Clicking: Create Account button"}
{"level":"info","message":"Navigating to: https://demo.spreecommerce.org/us/en/account/register"}
{"level":"info","message":"Typing into First Name: \"Arushi\""}
{"level":"info","message":"Typing into Last Name: \"Test\""}
{"level":"info","message":"Typing into Email: \"sdet.test@example.com\""}
{"level":"info","message":"Typing into password: \"example\""}
{"level":"info","message":"Typing into confirmed password: \"example\""}
{"level":"info","message":"Clicking: Create Account button"}
{"level":"info","message":"Navigating to: https://demo.spreecommerce.org/us/en/account/register"}
{"level":"info","message":"Typing into First Name: \"Arush\""}
{"level":"info","message":"Typing into Last Name: \"Test\""}
{"level":"info","message":"Typing into Email: \"sdet.test6@example.com\""}
{"level":"info","message":"Typing into password: \"example\""}
{"level":"info","message":"Typing into confirmed password: \"example\""}
{"level":"info","message":"Clicking: Create Account button"}
{"level":"info","message":"Navigating to: https://demo.spreecommerce.org/us/en/account/register"}
{"level":"info","message":"Typing into First Name: \"Arush\""}
{"level":"info","message":"Typing into Last Name: \"Test\""}
{"level":"info","message":"Typing into Email: \"sdet.test6@example.com\""}
{"level":"info","message":"Typing into password: \"example\""}
{"level":"info","message":"Typing into confirmed password: \"example\""}
{"level":"info","message":"Clicking: Create Account button"}
{"level":"info","message":"Navigating to: https://demo.spreecommerce.org/us/en/account/register"}
{"level":"info","message":"Typing into First Name: \"Arush\""}
{"level":"info","message":"Typing into Last Name: \"Test\""}
{"level":"info","message":"Typing into Email: \"sdet.test6@example.com\""}
{"level":"info","message":"Typing into password: \"example\""}
{"level":"info","message":"Typing into confirmed password: \"example\""}
{"level":"info","message":"Clicking: Create Account button"}
{"level":"info","message":"Navigating to: https://demo.spreecommerce.org/us/en/account/register"}
{"level":"info","message":"Typing into First Name: \"Arus\""}
{"level":"info","message":"Typing into Last Name: \"Testt\""}
{"level":"info","message":"Typing into Email: \"sdet.testt@example.com\""}
{"level":"info","message":"Typing into password: \"example\""}
{"level":"info","message":"Typing into confirmed password: \"example\""}
{"level":"info","message":"Clicking: Create Account button"}
{"level":"info","message":"Navigating to: https://demo.spreecommerce.org/us/en/account/register"}
{"level":"info","message":"Typing into First Name: \"Arus\""}
{"level":"info","message":"Typing into Last Name: \"Testt\""}
{"level":"info","message":"Typing into Email: \"sdet.testt@example.com\""}
{"level":"info","message":"Typing into password: \"example\""}
{"level":"info","message":"Typing into confirmed password: \"example\""}
{"level":"info","message":"Clicking: Create Account button"}
{"level":"info","message":"Navigating to: en/us/account"}
{"level":"info","message":"Navigating to: https://demo.spreecommerce.org/us/en/account/register"}
{"level":"info","message":"Typing into First Name: \"Aruss\""}
{"level":"info","message":"Typing into Last Name: \"Testts\""}
{"level":"info","message":"Typing into Email: \"sdet.testts@example.com\""}
{"level":"info","message":"Typing into password: \"example\""}
{"level":"info","message":"Typing into confirmed password: \"example\""}
{"level":"info","message":"Clicking: Create Account button"}
{"level":"info","message":"Navigating to: en/us/account"}
{"level":"info","message":"Navigating to: https://demo.spreecommerce.org/us/en/account/register"}
{"level":"info","message":"Typing into First Name: \"Arushh\""}
{"level":"info","message":"Typing into Last Name: \"Testtsg\""}
{"level":"info","message":"Typing into Email: \"sdet.testtgs@example.com\""}
{"level":"info","message":"Typing into password: \"example\""}
{"level":"info","message":"Typing into confirmed password: \"example\""}
{"level":"info","message":"Clicking: Create Account button"}
{"level":"info","message":"Navigating to: account"}
{"level":"info","message":"Navigating to: https://demo.spreecommerce.org/us/en/account/register"}
{"level":"info","message":"Typing into First Name: \"Arushh\""}
{"level":"info","message":"Typing into Last Name: \"Testtsg\""}
{"level":"info","message":"Typing into Email: \"sdet.testtgs@example.com\""}
{"level":"info","message":"Typing into password: \"example\""}
{"level":"info","message":"Typing into confirmed password: \"example\""}
{"level":"info","message":"Clicking: Create Account button"}
{"level":"info","message":"Navigating to: us/en/account"}
{"level":"info","message":"Navigating to: https://demo.spreecommerce.org/us/en/account/register"}
{"level":"info","message":"Typing into First Name: \"Aru\""}
{"level":"info","message":"Typing into Last Name: \"Testtsg\""}
{"level":"info","message":"Typing into Email: \"sdet.tesgs@example.com\""}
{"level":"info","message":"Typing into password: \"example\""}
{"level":"info","message":"Typing into confirmed password: \"example\""}
{"level":"info","message":"Clicking: Create Account button"}
{"level":"info","message":"Navigating to: us/en/account"}
{"level":"info","message":"Navigating to: https://demo.spreecommerce.org/us/en/account/register"}
{"level":"info","message":"Typing into First Name: \"Rahul\""}
{"level":"info","message":"Typing into Last Name: \"Joshi\""}
{"level":"info","message":"Typing into Email: \"rahul.joshi.1778218228390@example.com\""}
{"level":"info","message":"Typing into password: \"Pass@4528ev15\""}
{"level":"info","message":"Typing into confirmed password: \"Pass@4528ev15\""}
{"level":"info","message":"Clicking: Create Account button"}
{"level":"info","message":"Navigating to: us/en/account"}
